{"C:\\Andrada\\UBB\\MPP\\BookingApp\\booking-app\\backend\\server.js": {"path":"C:\\Andrada\\UBB\\MPP\\BookingApp\\booking-app\\backend\\server.js","statementMap":{"0":{"start":{"line":1,"column":16},"end":{"line":1,"column":34}},"1":{"start":{"line":2,"column":13},"end":{"line":2,"column":28}},"2":{"start":{"line":3,"column":11},"end":{"line":3,"column":24}},"3":{"start":{"line":4,"column":13},"end":{"line":4,"column":28}},"4":{"start":{"line":5,"column":33},"end":{"line":5,"column":66}},"5":{"start":{"line":6,"column":13},"end":{"line":6,"column":28}},"6":{"start":{"line":7,"column":19},"end":{"line":7,"column":39}},"7":{"start":{"line":9,"column":12},"end":{"line":9,"column":21}},"8":{"start":{"line":10,"column":0},"end":{"line":10,"column":16}},"9":{"start":{"line":11,"column":0},"end":{"line":11,"column":24}},"10":{"start":{"line":13,"column":13},"end":{"line":13,"column":17}},"11":{"start":{"line":16,"column":13},"end":{"line":16,"column":17}},"12":{"start":{"line":17,"column":9},"end":{"line":17,"column":13}},"13":{"start":{"line":19,"column":23},"end":{"line":19,"column":70}},"14":{"start":{"line":20,"column":24},"end":{"line":20,"column":72}},"15":{"start":{"line":21,"column":27},"end":{"line":21,"column":78}},"16":{"start":{"line":23,"column":13},"end":{"line":23,"column":64}},"17":{"start":{"line":24,"column":14},"end":{"line":24,"column":66}},"18":{"start":{"line":25,"column":17},"end":{"line":25,"column":72}},"19":{"start":{"line":27,"column":0},"end":{"line":39,"column":3}},"20":{"start":{"line":28,"column":16},"end":{"line":28,"column":51}},"21":{"start":{"line":29,"column":20},"end":{"line":29,"column":47}},"22":{"start":{"line":30,"column":2},"end":{"line":30,"column":28}},"23":{"start":{"line":31,"column":2},"end":{"line":31,"column":68}},"24":{"start":{"line":34,"column":2},"end":{"line":36,"column":3}},"25":{"start":{"line":35,"column":4},"end":{"line":35,"column":59}},"26":{"start":{"line":35,"column":31},"end":{"line":35,"column":57}},"27":{"start":{"line":38,"column":2},"end":{"line":38,"column":34}},"28":{"start":{"line":41,"column":0},"end":{"line":43,"column":3}},"29":{"start":{"line":42,"column":2},"end":{"line":42,"column":31}},"30":{"start":{"line":45,"column":0},"end":{"line":47,"column":3}},"31":{"start":{"line":46,"column":2},"end":{"line":46,"column":32}},"32":{"start":{"line":49,"column":0},"end":{"line":51,"column":3}},"33":{"start":{"line":50,"column":2},"end":{"line":50,"column":35}},"34":{"start":{"line":53,"column":0},"end":{"line":64,"column":3}},"35":{"start":{"line":54,"column":16},"end":{"line":54,"column":24}},"36":{"start":{"line":55,"column":2},"end":{"line":57,"column":3}},"37":{"start":{"line":56,"column":4},"end":{"line":56,"column":71}},"38":{"start":{"line":59,"column":2},"end":{"line":59,"column":21}},"39":{"start":{"line":61,"column":2},"end":{"line":61,"column":37}},"40":{"start":{"line":61,"column":10},"end":{"line":61,"column":37}},"41":{"start":{"line":63,"column":2},"end":{"line":63,"column":30}},"42":{"start":{"line":66,"column":0},"end":{"line":90,"column":3}},"43":{"start":{"line":67,"column":15},"end":{"line":67,"column":30}},"44":{"start":{"line":68,"column":23},"end":{"line":68,"column":31}},"45":{"start":{"line":70,"column":2},"end":{"line":72,"column":3}},"46":{"start":{"line":71,"column":4},"end":{"line":71,"column":71}},"47":{"start":{"line":73,"column":2},"end":{"line":75,"column":3}},"48":{"start":{"line":74,"column":4},"end":{"line":74,"column":77}},"49":{"start":{"line":76,"column":2},"end":{"line":78,"column":3}},"50":{"start":{"line":77,"column":4},"end":{"line":77,"column":80}},"51":{"start":{"line":79,"column":2},"end":{"line":81,"column":3}},"52":{"start":{"line":80,"column":4},"end":{"line":80,"column":82}},"53":{"start":{"line":83,"column":16},"end":{"line":83,"column":54}},"54":{"start":{"line":83,"column":38},"end":{"line":83,"column":53}},"55":{"start":{"line":84,"column":2},"end":{"line":86,"column":3}},"56":{"start":{"line":85,"column":4},"end":{"line":85,"column":63}},"57":{"start":{"line":88,"column":2},"end":{"line":88,"column":31}},"58":{"start":{"line":89,"column":2},"end":{"line":89,"column":25}},"59":{"start":{"line":92,"column":0},"end":{"line":102,"column":3}},"60":{"start":{"line":93,"column":15},"end":{"line":93,"column":30}},"61":{"start":{"line":94,"column":25},"end":{"line":94,"column":38}},"62":{"start":{"line":95,"column":2},"end":{"line":95,"column":47}},"63":{"start":{"line":95,"column":30},"end":{"line":95,"column":45}},"64":{"start":{"line":97,"column":2},"end":{"line":99,"column":3}},"65":{"start":{"line":98,"column":4},"end":{"line":98,"column":63}},"66":{"start":{"line":101,"column":2},"end":{"line":101,"column":25}},"67":{"start":{"line":104,"column":0},"end":{"line":120,"column":3}},"68":{"start":{"line":105,"column":26},"end":{"line":105,"column":35}},"69":{"start":{"line":106,"column":17},"end":{"line":106,"column":23}},"70":{"start":{"line":108,"column":2},"end":{"line":111,"column":3}},"71":{"start":{"line":109,"column":23},"end":{"line":109,"column":51}},"72":{"start":{"line":110,"column":4},"end":{"line":110,"column":76}},"73":{"start":{"line":110,"column":36},"end":{"line":110,"column":74}},"74":{"start":{"line":113,"column":2},"end":{"line":117,"column":3}},"75":{"start":{"line":114,"column":4},"end":{"line":114,"column":67}},"76":{"start":{"line":114,"column":28},"end":{"line":114,"column":65}},"77":{"start":{"line":115,"column":9},"end":{"line":117,"column":3}},"78":{"start":{"line":116,"column":4},"end":{"line":116,"column":67}},"79":{"start":{"line":116,"column":28},"end":{"line":116,"column":65}},"80":{"start":{"line":119,"column":2},"end":{"line":119,"column":21}},"81":{"start":{"line":123,"column":0},"end":{"line":151,"column":1}},"82":{"start":{"line":124,"column":2},"end":{"line":124,"column":34}},"83":{"start":{"line":125,"column":2},"end":{"line":129,"column":5}},"84":{"start":{"line":131,"column":2},"end":{"line":138,"column":5}},"85":{"start":{"line":132,"column":4},"end":{"line":132,"column":52}},"86":{"start":{"line":133,"column":4},"end":{"line":133,"column":38}},"87":{"start":{"line":135,"column":4},"end":{"line":137,"column":7}},"88":{"start":{"line":136,"column":6},"end":{"line":136,"column":53}},"89":{"start":{"line":141,"column":2},"end":{"line":146,"column":11}},"90":{"start":{"line":142,"column":22},"end":{"line":142,"column":45}},"91":{"start":{"line":143,"column":4},"end":{"line":143,"column":30}},"92":{"start":{"line":144,"column":4},"end":{"line":144,"column":60}},"93":{"start":{"line":145,"column":4},"end":{"line":145,"column":46}},"94":{"start":{"line":145,"column":12},"end":{"line":145,"column":46}},"95":{"start":{"line":148,"column":2},"end":{"line":150,"column":5}},"96":{"start":{"line":149,"column":4},"end":{"line":149,"column":74}},"97":{"start":{"line":153,"column":0},"end":{"line":153,"column":31}}},"fnMap":{"0":{"name":"(anonymous_0)","decl":{"start":{"line":27,"column":40},"end":{"line":27,"column":41}},"loc":{"start":{"line":27,"column":54},"end":{"line":39,"column":1}},"line":27},"1":{"name":"(anonymous_1)","decl":{"start":{"line":35,"column":22},"end":{"line":35,"column":23}},"loc":{"start":{"line":35,"column":31},"end":{"line":35,"column":57}},"line":35},"2":{"name":"(anonymous_2)","decl":{"start":{"line":41,"column":23},"end":{"line":41,"column":24}},"loc":{"start":{"line":41,"column":37},"end":{"line":43,"column":1}},"line":41},"3":{"name":"(anonymous_3)","decl":{"start":{"line":45,"column":24},"end":{"line":45,"column":25}},"loc":{"start":{"line":45,"column":38},"end":{"line":47,"column":1}},"line":45},"4":{"name":"(anonymous_4)","decl":{"start":{"line":49,"column":27},"end":{"line":49,"column":28}},"loc":{"start":{"line":49,"column":41},"end":{"line":51,"column":1}},"line":49},"5":{"name":"(anonymous_5)","decl":{"start":{"line":53,"column":24},"end":{"line":53,"column":25}},"loc":{"start":{"line":53,"column":38},"end":{"line":64,"column":1}},"line":53},"6":{"name":"(anonymous_6)","decl":{"start":{"line":66,"column":29},"end":{"line":66,"column":30}},"loc":{"start":{"line":66,"column":43},"end":{"line":90,"column":1}},"line":66},"7":{"name":"(anonymous_7)","decl":{"start":{"line":83,"column":33},"end":{"line":83,"column":34}},"loc":{"start":{"line":83,"column":38},"end":{"line":83,"column":53}},"line":83},"8":{"name":"(anonymous_8)","decl":{"start":{"line":92,"column":32},"end":{"line":92,"column":33}},"loc":{"start":{"line":92,"column":46},"end":{"line":102,"column":1}},"line":92},"9":{"name":"(anonymous_9)","decl":{"start":{"line":95,"column":25},"end":{"line":95,"column":26}},"loc":{"start":{"line":95,"column":30},"end":{"line":95,"column":45}},"line":95},"10":{"name":"(anonymous_10)","decl":{"start":{"line":104,"column":30},"end":{"line":104,"column":31}},"loc":{"start":{"line":104,"column":44},"end":{"line":120,"column":1}},"line":104},"11":{"name":"(anonymous_11)","decl":{"start":{"line":110,"column":31},"end":{"line":110,"column":32}},"loc":{"start":{"line":110,"column":36},"end":{"line":110,"column":74}},"line":110},"12":{"name":"(anonymous_12)","decl":{"start":{"line":114,"column":18},"end":{"line":114,"column":19}},"loc":{"start":{"line":114,"column":28},"end":{"line":114,"column":65}},"line":114},"13":{"name":"(anonymous_13)","decl":{"start":{"line":116,"column":18},"end":{"line":116,"column":19}},"loc":{"start":{"line":116,"column":28},"end":{"line":116,"column":65}},"line":116},"14":{"name":"(anonymous_14)","decl":{"start":{"line":131,"column":22},"end":{"line":131,"column":23}},"loc":{"start":{"line":131,"column":34},"end":{"line":138,"column":3}},"line":131},"15":{"name":"(anonymous_15)","decl":{"start":{"line":135,"column":28},"end":{"line":135,"column":29}},"loc":{"start":{"line":135,"column":34},"end":{"line":137,"column":5}},"line":135},"16":{"name":"(anonymous_16)","decl":{"start":{"line":141,"column":14},"end":{"line":141,"column":15}},"loc":{"start":{"line":141,"column":20},"end":{"line":146,"column":3}},"line":141},"17":{"name":"(anonymous_17)","decl":{"start":{"line":148,"column":22},"end":{"line":148,"column":23}},"loc":{"start":{"line":148,"column":28},"end":{"line":150,"column":3}},"line":148}},"branchMap":{"0":{"loc":{"start":{"line":28,"column":16},"end":{"line":28,"column":51}},"type":"binary-expr","locations":[{"start":{"line":28,"column":16},"end":{"line":28,"column":46}},{"start":{"line":28,"column":50},"end":{"line":28,"column":51}}],"line":28},"1":{"loc":{"start":{"line":34,"column":2},"end":{"line":36,"column":3}},"type":"if","locations":[{"start":{"line":34,"column":2},"end":{"line":36,"column":3}},{"start":{},"end":{}}],"line":34},"2":{"loc":{"start":{"line":55,"column":2},"end":{"line":57,"column":3}},"type":"if","locations":[{"start":{"line":55,"column":2},"end":{"line":57,"column":3}},{"start":{},"end":{}}],"line":55},"3":{"loc":{"start":{"line":55,"column":6},"end":{"line":55,"column":62}},"type":"binary-expr","locations":[{"start":{"line":55,"column":6},"end":{"line":55,"column":17}},{"start":{"line":55,"column":21},"end":{"line":55,"column":36}},{"start":{"line":55,"column":40},"end":{"line":55,"column":62}}],"line":55},"4":{"loc":{"start":{"line":61,"column":2},"end":{"line":61,"column":37}},"type":"if","locations":[{"start":{"line":61,"column":2},"end":{"line":61,"column":37}},{"start":{},"end":{}}],"line":61},"5":{"loc":{"start":{"line":70,"column":2},"end":{"line":72,"column":3}},"type":"if","locations":[{"start":{"line":70,"column":2},"end":{"line":72,"column":3}},{"start":{},"end":{}}],"line":70},"6":{"loc":{"start":{"line":70,"column":6},"end":{"line":70,"column":83}},"type":"binary-expr","locations":[{"start":{"line":70,"column":6},"end":{"line":70,"column":24}},{"start":{"line":70,"column":28},"end":{"line":70,"column":50}},{"start":{"line":70,"column":54},"end":{"line":70,"column":83}}],"line":70},"7":{"loc":{"start":{"line":73,"column":2},"end":{"line":75,"column":3}},"type":"if","locations":[{"start":{"line":73,"column":2},"end":{"line":75,"column":3}},{"start":{},"end":{}}],"line":73},"8":{"loc":{"start":{"line":73,"column":6},"end":{"line":73,"column":78}},"type":"binary-expr","locations":[{"start":{"line":73,"column":6},"end":{"line":73,"column":24}},{"start":{"line":73,"column":29},"end":{"line":73,"column":51}},{"start":{"line":73,"column":55},"end":{"line":73,"column":77}}],"line":73},"9":{"loc":{"start":{"line":76,"column":2},"end":{"line":78,"column":3}},"type":"if","locations":[{"start":{"line":76,"column":2},"end":{"line":78,"column":3}},{"start":{},"end":{}}],"line":76},"10":{"loc":{"start":{"line":79,"column":2},"end":{"line":81,"column":3}},"type":"if","locations":[{"start":{"line":79,"column":2},"end":{"line":81,"column":3}},{"start":{},"end":{}}],"line":79},"11":{"loc":{"start":{"line":84,"column":2},"end":{"line":86,"column":3}},"type":"if","locations":[{"start":{"line":84,"column":2},"end":{"line":86,"column":3}},{"start":{},"end":{}}],"line":84},"12":{"loc":{"start":{"line":97,"column":2},"end":{"line":99,"column":3}},"type":"if","locations":[{"start":{"line":97,"column":2},"end":{"line":99,"column":3}},{"start":{},"end":{}}],"line":97},"13":{"loc":{"start":{"line":108,"column":2},"end":{"line":111,"column":3}},"type":"if","locations":[{"start":{"line":108,"column":2},"end":{"line":111,"column":3}},{"start":{},"end":{}}],"line":108},"14":{"loc":{"start":{"line":113,"column":2},"end":{"line":117,"column":3}},"type":"if","locations":[{"start":{"line":113,"column":2},"end":{"line":117,"column":3}},{"start":{"line":115,"column":9},"end":{"line":117,"column":3}}],"line":113},"15":{"loc":{"start":{"line":115,"column":9},"end":{"line":117,"column":3}},"type":"if","locations":[{"start":{"line":115,"column":9},"end":{"line":117,"column":3}},{"start":{},"end":{}}],"line":115},"16":{"loc":{"start":{"line":123,"column":0},"end":{"line":151,"column":1}},"type":"if","locations":[{"start":{"line":123,"column":0},"end":{"line":151,"column":1}},{"start":{},"end":{}}],"line":123},"17":{"loc":{"start":{"line":145,"column":4},"end":{"line":145,"column":46}},"type":"if","locations":[{"start":{"line":145,"column":4},"end":{"line":145,"column":46}},{"start":{},"end":{}}],"line":145},"18":{"loc":{"start":{"line":153,"column":17},"end":{"line":153,"column":30}},"type":"binary-expr","locations":[{"start":{"line":153,"column":17},"end":{"line":153,"column":23}},{"start":{"line":153,"column":27},"end":{"line":153,"column":30}}],"line":153}},"s":{"0":1,"1":1,"2":1,"3":1,"4":1,"5":1,"6":1,"7":1,"8":1,"9":1,"10":1,"11":1,"12":1,"13":1,"14":1,"15":1,"16":1,"17":1,"18":1,"19":1,"20":1,"21":1,"22":1,"23":1,"24":1,"25":0,"26":0,"27":1,"28":1,"29":2,"30":1,"31":0,"32":1,"33":1,"34":1,"35":1,"36":1,"37":0,"38":1,"39":1,"40":0,"41":1,"42":1,"43":1,"44":1,"45":1,"46":0,"47":1,"48":0,"49":1,"50":0,"51":1,"52":0,"53":1,"54":4,"55":1,"56":0,"57":1,"58":1,"59":1,"60":1,"61":1,"62":1,"63":4,"64":1,"65":0,"66":1,"67":1,"68":0,"69":0,"70":0,"71":0,"72":0,"73":0,"74":0,"75":0,"76":0,"77":0,"78":0,"79":0,"80":0,"81":1,"82":0,"83":0,"84":0,"85":0,"86":0,"87":0,"88":0,"89":0,"90":0,"91":0,"92":0,"93":0,"94":0,"95":0,"96":0,"97":1},"f":{"0":1,"1":0,"2":2,"3":0,"4":1,"5":1,"6":1,"7":4,"8":1,"9":4,"10":0,"11":0,"12":0,"13":0,"14":0,"15":0,"16":0,"17":0},"b":{"0":[1,0],"1":[0,1],"2":[0,1],"3":[1,1,1],"4":[0,1],"5":[0,1],"6":[1,1,1],"7":[0,1],"8":[1,0,0],"9":[0,1],"10":[0,1],"11":[0,1],"12":[0,1],"13":[0,0],"14":[0,0],"15":[0,0],"16":[0,1],"17":[0,0],"18":[1,1]},"_coverageSchema":"1a1c01bbd47fc00a2c39e90264f33305004495a9","hash":"d2073c2469c3d4c76df6ed4745e142dea3eb36ac"}
}
