{"C:\\Andrada\\UBB\\MPP\\BookingApp\\booking-app\\backend\\server.js": {"path":"C:\\Andrada\\UBB\\MPP\\BookingApp\\booking-app\\backend\\server.js","statementMap":{"0":{"start":{"line":1,"column":16},"end":{"line":1,"column":34}},"1":{"start":{"line":2,"column":13},"end":{"line":2,"column":28}},"2":{"start":{"line":3,"column":11},"end":{"line":3,"column":24}},"3":{"start":{"line":4,"column":13},"end":{"line":4,"column":28}},"4":{"start":{"line":5,"column":33},"end":{"line":5,"column":66}},"5":{"start":{"line":7,"column":12},"end":{"line":7,"column":21}},"6":{"start":{"line":8,"column":0},"end":{"line":8,"column":16}},"7":{"start":{"line":9,"column":0},"end":{"line":9,"column":24}},"8":{"start":{"line":11,"column":13},"end":{"line":11,"column":17}},"9":{"start":{"line":13,"column":23},"end":{"line":13,"column":70}},"10":{"start":{"line":14,"column":24},"end":{"line":14,"column":72}},"11":{"start":{"line":15,"column":27},"end":{"line":15,"column":78}},"12":{"start":{"line":17,"column":13},"end":{"line":17,"column":64}},"13":{"start":{"line":18,"column":14},"end":{"line":18,"column":66}},"14":{"start":{"line":19,"column":17},"end":{"line":19,"column":72}},"15":{"start":{"line":21,"column":0},"end":{"line":28,"column":3}},"16":{"start":{"line":22,"column":18},"end":{"line":22,"column":53}},"17":{"start":{"line":23,"column":22},"end":{"line":23,"column":49}},"18":{"start":{"line":24,"column":4},"end":{"line":24,"column":30}},"19":{"start":{"line":25,"column":4},"end":{"line":25,"column":70}},"20":{"start":{"line":27,"column":4},"end":{"line":27,"column":36}},"21":{"start":{"line":30,"column":0},"end":{"line":32,"column":3}},"22":{"start":{"line":31,"column":4},"end":{"line":31,"column":33}},"23":{"start":{"line":34,"column":0},"end":{"line":36,"column":3}},"24":{"start":{"line":35,"column":4},"end":{"line":35,"column":34}},"25":{"start":{"line":38,"column":0},"end":{"line":40,"column":3}},"26":{"start":{"line":39,"column":4},"end":{"line":39,"column":37}},"27":{"start":{"line":42,"column":0},"end":{"line":50,"column":3}},"28":{"start":{"line":43,"column":18},"end":{"line":43,"column":26}},"29":{"start":{"line":44,"column":4},"end":{"line":46,"column":5}},"30":{"start":{"line":45,"column":8},"end":{"line":45,"column":75}},"31":{"start":{"line":48,"column":4},"end":{"line":48,"column":23}},"32":{"start":{"line":49,"column":4},"end":{"line":49,"column":32}},"33":{"start":{"line":52,"column":0},"end":{"line":73,"column":3}},"34":{"start":{"line":53,"column":17},"end":{"line":53,"column":32}},"35":{"start":{"line":54,"column":25},"end":{"line":54,"column":33}},"36":{"start":{"line":55,"column":4},"end":{"line":57,"column":5}},"37":{"start":{"line":56,"column":8},"end":{"line":56,"column":75}},"38":{"start":{"line":58,"column":4},"end":{"line":60,"column":5}},"39":{"start":{"line":59,"column":8},"end":{"line":59,"column":81}},"40":{"start":{"line":61,"column":4},"end":{"line":63,"column":5}},"41":{"start":{"line":62,"column":8},"end":{"line":62,"column":84}},"42":{"start":{"line":64,"column":4},"end":{"line":66,"column":5}},"43":{"start":{"line":65,"column":8},"end":{"line":65,"column":86}},"44":{"start":{"line":67,"column":23},"end":{"line":67,"column":61}},"45":{"start":{"line":67,"column":45},"end":{"line":67,"column":60}},"46":{"start":{"line":68,"column":4},"end":{"line":70,"column":5}},"47":{"start":{"line":69,"column":8},"end":{"line":69,"column":67}},"48":{"start":{"line":71,"column":4},"end":{"line":71,"column":38}},"49":{"start":{"line":72,"column":4},"end":{"line":72,"column":27}},"50":{"start":{"line":75,"column":0},"end":{"line":83,"column":3}},"51":{"start":{"line":76,"column":17},"end":{"line":76,"column":32}},"52":{"start":{"line":77,"column":26},"end":{"line":77,"column":39}},"53":{"start":{"line":78,"column":4},"end":{"line":78,"column":49}},"54":{"start":{"line":78,"column":32},"end":{"line":78,"column":47}},"55":{"start":{"line":79,"column":4},"end":{"line":81,"column":5}},"56":{"start":{"line":80,"column":8},"end":{"line":80,"column":67}},"57":{"start":{"line":82,"column":4},"end":{"line":82,"column":27}},"58":{"start":{"line":85,"column":0},"end":{"line":99,"column":3}},"59":{"start":{"line":86,"column":26},"end":{"line":86,"column":35}},"60":{"start":{"line":87,"column":25},"end":{"line":87,"column":31}},"61":{"start":{"line":88,"column":4},"end":{"line":91,"column":5}},"62":{"start":{"line":89,"column":27},"end":{"line":89,"column":55}},"63":{"start":{"line":90,"column":8},"end":{"line":90,"column":100}},"64":{"start":{"line":90,"column":56},"end":{"line":90,"column":98}},"65":{"start":{"line":93,"column":4},"end":{"line":97,"column":5}},"66":{"start":{"line":94,"column":8},"end":{"line":94,"column":77}},"67":{"start":{"line":94,"column":38},"end":{"line":94,"column":75}},"68":{"start":{"line":95,"column":11},"end":{"line":97,"column":5}},"69":{"start":{"line":96,"column":8},"end":{"line":96,"column":77}},"70":{"start":{"line":96,"column":38},"end":{"line":96,"column":75}},"71":{"start":{"line":98,"column":4},"end":{"line":98,"column":29}},"72":{"start":{"line":102,"column":13},"end":{"line":102,"column":17}},"73":{"start":{"line":104,"column":0},"end":{"line":108,"column":1}},"74":{"start":{"line":105,"column":2},"end":{"line":107,"column":5}},"75":{"start":{"line":106,"column":4},"end":{"line":106,"column":65}},"76":{"start":{"line":110,"column":0},"end":{"line":110,"column":31}}},"fnMap":{"0":{"name":"(anonymous_0)","decl":{"start":{"line":21,"column":40},"end":{"line":21,"column":41}},"loc":{"start":{"line":21,"column":54},"end":{"line":28,"column":1}},"line":21},"1":{"name":"(anonymous_1)","decl":{"start":{"line":30,"column":23},"end":{"line":30,"column":24}},"loc":{"start":{"line":30,"column":37},"end":{"line":32,"column":1}},"line":30},"2":{"name":"(anonymous_2)","decl":{"start":{"line":34,"column":24},"end":{"line":34,"column":25}},"loc":{"start":{"line":34,"column":38},"end":{"line":36,"column":1}},"line":34},"3":{"name":"(anonymous_3)","decl":{"start":{"line":38,"column":27},"end":{"line":38,"column":28}},"loc":{"start":{"line":38,"column":41},"end":{"line":40,"column":1}},"line":38},"4":{"name":"(anonymous_4)","decl":{"start":{"line":42,"column":24},"end":{"line":42,"column":25}},"loc":{"start":{"line":42,"column":38},"end":{"line":50,"column":1}},"line":42},"5":{"name":"(anonymous_5)","decl":{"start":{"line":52,"column":29},"end":{"line":52,"column":30}},"loc":{"start":{"line":52,"column":43},"end":{"line":73,"column":1}},"line":52},"6":{"name":"(anonymous_6)","decl":{"start":{"line":67,"column":40},"end":{"line":67,"column":41}},"loc":{"start":{"line":67,"column":45},"end":{"line":67,"column":60}},"line":67},"7":{"name":"(anonymous_7)","decl":{"start":{"line":75,"column":32},"end":{"line":75,"column":33}},"loc":{"start":{"line":75,"column":46},"end":{"line":83,"column":1}},"line":75},"8":{"name":"(anonymous_8)","decl":{"start":{"line":78,"column":27},"end":{"line":78,"column":28}},"loc":{"start":{"line":78,"column":32},"end":{"line":78,"column":47}},"line":78},"9":{"name":"(anonymous_9)","decl":{"start":{"line":85,"column":30},"end":{"line":85,"column":31}},"loc":{"start":{"line":85,"column":44},"end":{"line":99,"column":1}},"line":85},"10":{"name":"(anonymous_10)","decl":{"start":{"line":90,"column":47},"end":{"line":90,"column":48}},"loc":{"start":{"line":90,"column":56},"end":{"line":90,"column":98}},"line":90},"11":{"name":"(anonymous_11)","decl":{"start":{"line":94,"column":28},"end":{"line":94,"column":29}},"loc":{"start":{"line":94,"column":38},"end":{"line":94,"column":75}},"line":94},"12":{"name":"(anonymous_12)","decl":{"start":{"line":96,"column":28},"end":{"line":96,"column":29}},"loc":{"start":{"line":96,"column":38},"end":{"line":96,"column":75}},"line":96},"13":{"name":"(anonymous_13)","decl":{"start":{"line":105,"column":28},"end":{"line":105,"column":29}},"loc":{"start":{"line":105,"column":34},"end":{"line":107,"column":3}},"line":105}},"branchMap":{"0":{"loc":{"start":{"line":22,"column":18},"end":{"line":22,"column":53}},"type":"binary-expr","locations":[{"start":{"line":22,"column":18},"end":{"line":22,"column":48}},{"start":{"line":22,"column":52},"end":{"line":22,"column":53}}],"line":22},"1":{"loc":{"start":{"line":44,"column":4},"end":{"line":46,"column":5}},"type":"if","locations":[{"start":{"line":44,"column":4},"end":{"line":46,"column":5}},{"start":{},"end":{}}],"line":44},"2":{"loc":{"start":{"line":44,"column":7},"end":{"line":44,"column":63}},"type":"binary-expr","locations":[{"start":{"line":44,"column":7},"end":{"line":44,"column":18}},{"start":{"line":44,"column":22},"end":{"line":44,"column":37}},{"start":{"line":44,"column":41},"end":{"line":44,"column":63}}],"line":44},"3":{"loc":{"start":{"line":55,"column":4},"end":{"line":57,"column":5}},"type":"if","locations":[{"start":{"line":55,"column":4},"end":{"line":57,"column":5}},{"start":{},"end":{}}],"line":55},"4":{"loc":{"start":{"line":55,"column":7},"end":{"line":55,"column":84}},"type":"binary-expr","locations":[{"start":{"line":55,"column":7},"end":{"line":55,"column":25}},{"start":{"line":55,"column":29},"end":{"line":55,"column":51}},{"start":{"line":55,"column":55},"end":{"line":55,"column":84}}],"line":55},"5":{"loc":{"start":{"line":58,"column":4},"end":{"line":60,"column":5}},"type":"if","locations":[{"start":{"line":58,"column":4},"end":{"line":60,"column":5}},{"start":{},"end":{}}],"line":58},"6":{"loc":{"start":{"line":58,"column":7},"end":{"line":58,"column":79}},"type":"binary-expr","locations":[{"start":{"line":58,"column":7},"end":{"line":58,"column":25}},{"start":{"line":58,"column":30},"end":{"line":58,"column":52}},{"start":{"line":58,"column":56},"end":{"line":58,"column":78}}],"line":58},"7":{"loc":{"start":{"line":61,"column":4},"end":{"line":63,"column":5}},"type":"if","locations":[{"start":{"line":61,"column":4},"end":{"line":63,"column":5}},{"start":{},"end":{}}],"line":61},"8":{"loc":{"start":{"line":64,"column":4},"end":{"line":66,"column":5}},"type":"if","locations":[{"start":{"line":64,"column":4},"end":{"line":66,"column":5}},{"start":{},"end":{}}],"line":64},"9":{"loc":{"start":{"line":68,"column":4},"end":{"line":70,"column":5}},"type":"if","locations":[{"start":{"line":68,"column":4},"end":{"line":70,"column":5}},{"start":{},"end":{}}],"line":68},"10":{"loc":{"start":{"line":79,"column":4},"end":{"line":81,"column":5}},"type":"if","locations":[{"start":{"line":79,"column":4},"end":{"line":81,"column":5}},{"start":{},"end":{}}],"line":79},"11":{"loc":{"start":{"line":88,"column":4},"end":{"line":91,"column":5}},"type":"if","locations":[{"start":{"line":88,"column":4},"end":{"line":91,"column":5}},{"start":{},"end":{}}],"line":88},"12":{"loc":{"start":{"line":93,"column":4},"end":{"line":97,"column":5}},"type":"if","locations":[{"start":{"line":93,"column":4},"end":{"line":97,"column":5}},{"start":{"line":95,"column":11},"end":{"line":97,"column":5}}],"line":93},"13":{"loc":{"start":{"line":95,"column":11},"end":{"line":97,"column":5}},"type":"if","locations":[{"start":{"line":95,"column":11},"end":{"line":97,"column":5}},{"start":{},"end":{}}],"line":95},"14":{"loc":{"start":{"line":104,"column":0},"end":{"line":108,"column":1}},"type":"if","locations":[{"start":{"line":104,"column":0},"end":{"line":108,"column":1}},{"start":{},"end":{}}],"line":104},"15":{"loc":{"start":{"line":110,"column":17},"end":{"line":110,"column":30}},"type":"binary-expr","locations":[{"start":{"line":110,"column":17},"end":{"line":110,"column":23}},{"start":{"line":110,"column":27},"end":{"line":110,"column":30}}],"line":110}},"s":{"0":1,"1":1,"2":1,"3":1,"4":1,"5":1,"6":1,"7":1,"8":1,"9":1,"10":1,"11":1,"12":1,"13":1,"14":1,"15":1,"16":1,"17":1,"18":1,"19":1,"20":1,"21":1,"22":2,"23":1,"24":0,"25":1,"26":1,"27":1,"28":1,"29":1,"30":0,"31":1,"32":1,"33":1,"34":1,"35":1,"36":1,"37":0,"38":1,"39":0,"40":1,"41":0,"42":1,"43":0,"44":1,"45":4,"46":1,"47":0,"48":1,"49":1,"50":1,"51":1,"52":1,"53":1,"54":4,"55":1,"56":0,"57":1,"58":1,"59":0,"60":0,"61":0,"62":0,"63":0,"64":0,"65":0,"66":0,"67":0,"68":0,"69":0,"70":0,"71":0,"72":1,"73":1,"74":0,"75":0,"76":1},"f":{"0":1,"1":2,"2":0,"3":1,"4":1,"5":1,"6":4,"7":1,"8":4,"9":0,"10":0,"11":0,"12":0,"13":0},"b":{"0":[1,0],"1":[0,1],"2":[1,1,1],"3":[0,1],"4":[1,1,1],"5":[0,1],"6":[1,0,0],"7":[0,1],"8":[0,1],"9":[0,1],"10":[0,1],"11":[0,0],"12":[0,0],"13":[0,0],"14":[0,1],"15":[1,1]},"_coverageSchema":"1a1c01bbd47fc00a2c39e90264f33305004495a9","hash":"479b267eb444ebb6e720a7365841b6c28282ab9f"}
}
