TN:
SF:server.js
FN:27,(anonymous_0)
FN:35,(anonymous_1)
FN:41,(anonymous_2)
FN:45,(anonymous_3)
FN:49,(anonymous_4)
FN:53,(anonymous_5)
FN:66,(anonymous_6)
FN:83,(anonymous_7)
FN:92,(anonymous_8)
FN:95,(anonymous_9)
FN:104,(anonymous_10)
FN:110,(anonymous_11)
FN:114,(anonymous_12)
FN:116,(anonymous_13)
FN:131,(anonymous_14)
FN:135,(anonymous_15)
FN:141,(anonymous_16)
FN:148,(anonymous_17)
FNF:18
FNH:8
FNDA:1,(anonymous_0)
FNDA:0,(anonymous_1)
FNDA:2,(anonymous_2)
FNDA:0,(anonymous_3)
FNDA:1,(anonymous_4)
FNDA:1,(anonymous_5)
FNDA:1,(anonymous_6)
FNDA:4,(anonymous_7)
FNDA:1,(anonymous_8)
FNDA:4,(anonymous_9)
FNDA:0,(anonymous_10)
FNDA:0,(anonymous_11)
FNDA:0,(anonymous_12)
FNDA:0,(anonymous_13)
FNDA:0,(anonymous_14)
FNDA:0,(anonymous_15)
FNDA:0,(anonymous_16)
FNDA:0,(anonymous_17)
DA:1,1
DA:2,1
DA:3,1
DA:4,1
DA:5,1
DA:6,1
DA:7,1
DA:9,1
DA:10,1
DA:11,1
DA:13,1
DA:16,1
DA:17,1
DA:19,1
DA:20,1
DA:21,1
DA:23,1
DA:24,1
DA:25,1
DA:27,1
DA:28,1
DA:29,1
DA:30,1
DA:31,1
DA:34,1
DA:35,0
DA:38,1
DA:41,1
DA:42,2
DA:45,1
DA:46,0
DA:49,1
DA:50,1
DA:53,1
DA:54,1
DA:55,1
DA:56,0
DA:59,1
DA:61,1
DA:63,1
DA:66,1
DA:67,1
DA:68,1
DA:70,1
DA:71,0
DA:73,1
DA:74,0
DA:76,1
DA:77,0
DA:79,1
DA:80,0
DA:83,4
DA:84,1
DA:85,0
DA:88,1
DA:89,1
DA:92,1
DA:93,1
DA:94,1
DA:95,4
DA:97,1
DA:98,0
DA:101,1
DA:104,1
DA:105,0
DA:106,0
DA:108,0
DA:109,0
DA:110,0
DA:113,0
DA:114,0
DA:115,0
DA:116,0
DA:119,0
DA:123,1
DA:124,0
DA:125,0
DA:131,0
DA:132,0
DA:133,0
DA:135,0
DA:136,0
DA:141,0
DA:142,0
DA:143,0
DA:144,0
DA:145,0
DA:148,0
DA:149,0
DA:153,1
LF:90
LH:57
BRDA:28,0,0,1
BRDA:28,0,1,0
BRDA:34,1,0,0
BRDA:34,1,1,1
BRDA:55,2,0,0
BRDA:55,2,1,1
BRDA:55,3,0,1
BRDA:55,3,1,1
BRDA:55,3,2,1
BRDA:61,4,0,0
BRDA:61,4,1,1
BRDA:70,5,0,0
BRDA:70,5,1,1
BRDA:70,6,0,1
BRDA:70,6,1,1
BRDA:70,6,2,1
BRDA:73,7,0,0
BRDA:73,7,1,1
BRDA:73,8,0,1
BRDA:73,8,1,0
BRDA:73,8,2,0
BRDA:76,9,0,0
BRDA:76,9,1,1
BRDA:79,10,0,0
BRDA:79,10,1,1
BRDA:84,11,0,0
BRDA:84,11,1,1
BRDA:97,12,0,0
BRDA:97,12,1,1
BRDA:108,13,0,0
BRDA:108,13,1,0
BRDA:113,14,0,0
BRDA:113,14,1,0
BRDA:115,15,0,0
BRDA:115,15,1,0
BRDA:123,16,0,0
BRDA:123,16,1,1
BRDA:145,17,0,0
BRDA:145,17,1,0
BRDA:153,18,0,1
BRDA:153,18,1,1
BRF:41
BRH:20
end_of_record
