TN:
SF:server.js
FN:21,(anonymous_0)
FN:30,(anonymous_1)
FN:34,(anonymous_2)
FN:38,(anonymous_3)
FN:42,(anonymous_4)
FN:52,(anonymous_5)
FN:67,(anonymous_6)
FN:75,(anonymous_7)
FN:78,(anonymous_8)
FN:85,(anonymous_9)
FN:90,(anonymous_10)
FN:94,(anonymous_11)
FN:96,(anonymous_12)
FN:105,(anonymous_13)
FNF:14
FNH:8
FNDA:1,(anonymous_0)
FNDA:2,(anonymous_1)
FNDA:0,(anonymous_2)
FNDA:1,(anonymous_3)
FNDA:1,(anonymous_4)
FNDA:1,(anonymous_5)
FNDA:4,(anonymous_6)
FNDA:1,(anonymous_7)
FNDA:4,(anonymous_8)
FNDA:0,(anonymous_9)
FNDA:0,(anonymous_10)
FNDA:0,(anonymous_11)
FNDA:0,(anonymous_12)
FNDA:0,(anonymous_13)
DA:1,1
DA:2,1
DA:3,1
DA:4,1
DA:5,1
DA:7,1
DA:8,1
DA:9,1
DA:11,1
DA:13,1
DA:14,1
DA:15,1
DA:17,1
DA:18,1
DA:19,1
DA:21,1
DA:22,1
DA:23,1
DA:24,1
DA:25,1
DA:27,1
DA:30,1
DA:31,2
DA:34,1
DA:35,0
DA:38,1
DA:39,1
DA:42,1
DA:43,1
DA:44,1
DA:45,0
DA:48,1
DA:49,1
DA:52,1
DA:53,1
DA:54,1
DA:55,1
DA:56,0
DA:58,1
DA:59,0
DA:61,1
DA:62,0
DA:64,1
DA:65,0
DA:67,4
DA:68,1
DA:69,0
DA:71,1
DA:72,1
DA:75,1
DA:76,1
DA:77,1
DA:78,4
DA:79,1
DA:80,0
DA:82,1
DA:85,1
DA:86,0
DA:87,0
DA:88,0
DA:89,0
DA:90,0
DA:93,0
DA:94,0
DA:95,0
DA:96,0
DA:98,0
DA:102,1
DA:104,1
DA:105,0
DA:106,0
DA:110,1
LF:72
LH:52
BRDA:22,0,0,1
BRDA:22,0,1,0
BRDA:44,1,0,0
BRDA:44,1,1,1
BRDA:44,2,0,1
BRDA:44,2,1,1
BRDA:44,2,2,1
BRDA:55,3,0,0
BRDA:55,3,1,1
BRDA:55,4,0,1
BRDA:55,4,1,1
BRDA:55,4,2,1
BRDA:58,5,0,0
BRDA:58,5,1,1
BRDA:58,6,0,1
BRDA:58,6,1,0
BRDA:58,6,2,0
BRDA:61,7,0,0
BRDA:61,7,1,1
BRDA:64,8,0,0
BRDA:64,8,1,1
BRDA:68,9,0,0
BRDA:68,9,1,1
BRDA:79,10,0,0
BRDA:79,10,1,1
BRDA:88,11,0,0
BRDA:88,11,1,0
BRDA:93,12,0,0
BRDA:93,12,1,0
BRDA:95,13,0,0
BRDA:95,13,1,0
BRDA:104,14,0,0
BRDA:104,14,1,1
BRDA:110,15,0,1
BRDA:110,15,1,1
BRF:35
BRH:18
end_of_record
